This is pdfTeX, Version 3.14159265-2.6-1.40.16 (TeX Live 2015) (preloaded format=pdflatex 2016.4.10)  7 AUG 2020 16:57
entering extended mode
 restricted \write18 enabled.
 file:line:error style messages enabled.
 %&-line parsing enabled.
**09_publications.tex
(./09_publications.tex
LaTeX2e <2015/01/01>
Babel <3.9l> and hyphenation patterns for 79 languages loaded.

./09_publications.tex:2: LaTeX Error: Environment description undefined.

See the LaTeX manual or LaTeX Companion for explanation.
Type  H <return>  for immediate help.
 ...                                              
                                                  
l.2 \begin{description}
                       \item[] \begin{description}\item[] {\bf  Publications  }

? 
./09_publications.tex:2: Emergency stop.
 ...                                              
                                                  
l.2 \begin{description}
                       \item[] \begin{description}\item[] {\bf  Publications  }

Your command was ignored.
Type  I <command> <return>  to replace it with another command,
or  <return>  to continue without it.

 
Here is how much of TeX's memory you used:
 7 strings out of 493089
 312 string characters out of 6134842
 53199 words of memory out of 5000000
 3591 multiletter control sequences out of 15000+600000
 3640 words of font info for 14 fonts, out of 8000000 for 9000
 1141 hyphenation exceptions out of 8191
 5i,0n,4p,109b,16s stack positions out of 5000i,500n,10000p,200000b,80000s
./09_publications.tex:2:  ==> Fatal error occurred, no output PDF file produced
!
